SF:lib\viewmodels\form_viewmodel.dart
DA:14,2
DA:15,4
DA:16,2
DA:18,4
DA:20,2
DA:23,2
DA:24,2
DA:25,2
DA:28,0
DA:29,0
DA:30,0
DA:31,0
DA:32,0
DA:33,0
DA:34,0
DA:35,0
DA:36,0
DA:37,0
DA:43,1
DA:44,2
DA:45,2
DA:46,2
DA:47,2
DA:48,1
DA:49,2
DA:50,1
DA:53,2
DA:55,4
DA:56,4
DA:57,4
DA:58,4
DA:59,2
LF:32
LH:22
end_of_record
SF:lib\Model\report_model.dart
DA:9,1
DA:18,1
DA:19,1
DA:20,1
DA:21,1
DA:22,1
DA:23,1
DA:24,1
DA:25,1
DA:29,1
DA:30,1
DA:31,1
DA:32,1
DA:33,1
DA:34,1
DA:35,1
DA:36,2
LF:17
LH:17
end_of_record
SF:lib\main.dart
DA:7,1
DA:8,1
DA:9,1
DA:10,4
DA:17,5
DA:19,2
DA:21,2
DA:23,2
LF:8
LH:8
end_of_record
SF:lib\views\form_page.dart
DA:7,4
DA:9,2
DA:11,2
DA:12,2
DA:13,2
DA:14,4
DA:15,2
DA:16,2
DA:17,2
DA:18,2
DA:19,2
DA:20,2
DA:21,2
DA:22,2
DA:23,2
DA:24,2
DA:25,2
DA:26,0
DA:28,2
DA:29,2
DA:31,2
DA:32,2
DA:33,0
DA:35,2
DA:36,2
DA:38,2
DA:39,2
DA:40,0
DA:42,2
DA:43,2
DA:45,2
DA:46,2
DA:49,2
DA:50,2
DA:51,2
DA:52,2
DA:54,2
DA:55,2
DA:57,2
DA:58,2
DA:59,2
DA:61,2
DA:62,2
DA:64,2
DA:67,2
DA:68,2
DA:69,2
DA:70,4
DA:71,2
DA:73,2
DA:74,2
DA:75,2
DA:76,4
DA:77,2
DA:79,2
DA:80,2
DA:81,2
DA:82,4
DA:83,0
DA:85,2
DA:86,2
DA:87,2
DA:88,4
DA:89,0
DA:91,2
DA:92,2
DA:93,0
DA:94,0
DA:97,0
DA:100,2
LF:70
LH:62
end_of_record
